[debug] [2020-03-30T17:49:34.041Z] ----------------------------------------------------------------------
[debug] [2020-03-30T17:49:34.044Z] Command:       /usr/local/Cellar/node/12.6.0/bin/node /Users/s4mu3l/.npm-packages/bin/firebase deploy
[debug] [2020-03-30T17:49:34.044Z] CLI Version:   7.16.1
[debug] [2020-03-30T17:49:34.044Z] Platform:      darwin
[debug] [2020-03-30T17:49:34.044Z] Node Version:  v12.6.0
[debug] [2020-03-30T17:49:34.045Z] Time:          Mon Mar 30 2020 12:49:34 GMT-0500 (Central Daylight Time)
[debug] [2020-03-30T17:49:34.045Z] ----------------------------------------------------------------------
[debug] [2020-03-30T17:49:34.045Z] 
[debug] [2020-03-30T17:49:34.060Z] > command requires scopes: ["email","openid","https://www.googleapis.com/auth/cloudplatformprojects.readonly","https://www.googleapis.com/auth/firebase","https://www.googleapis.com/auth/cloud-platform"]
[debug] [2020-03-30T17:49:34.061Z] > authorizing via signed-in user
[debug] [2020-03-30T17:49:34.061Z] [iam] checking project professional-website-ff1da for permissions ["firebase.projects.get","firebasehosting.sites.update"]
[debug] [2020-03-30T17:49:34.063Z] > refreshing access token with scopes: ["email","https://www.googleapis.com/auth/cloud-platform","https://www.googleapis.com/auth/cloudplatformprojects.readonly","https://www.googleapis.com/auth/firebase","openid"]
[debug] [2020-03-30T17:49:34.063Z] >>> HTTP REQUEST POST https://www.googleapis.com/oauth2/v3/token  
 <request body omitted>
[debug] [2020-03-30T17:49:34.212Z] <<< HTTP RESPONSE 400
[debug] [2020-03-30T17:49:34.214Z] >>> HTTP REQUEST POST https://cloudresourcemanager.googleapis.com/v1/projects/professional-website-ff1da:testIamPermissions  

[debug] [2020-03-30T17:49:34.400Z] <<< HTTP RESPONSE 401
[debug] [2020-03-30T17:49:34.400Z] <<< HTTP RESPONSE BODY
[debug] [2020-03-30T17:49:34.402Z] [iam] error while checking permissions, command may fail: FirebaseError: HTTP Error: 401, Request had invalid authentication credentials. Expected OAuth 2 access token, login cookie or other valid authentication credential. See https://developers.google.com/identity/sign-in/web/devconsole-project.
[debug] [2020-03-30T17:49:34.403Z] > refreshing access token with scopes: ["email","https://www.googleapis.com/auth/cloud-platform","https://www.googleapis.com/auth/cloudplatformprojects.readonly","https://www.googleapis.com/auth/firebase","openid"]
[debug] [2020-03-30T17:49:34.403Z] >>> HTTP REQUEST POST https://www.googleapis.com/oauth2/v3/token  
 <request body omitted>
[debug] [2020-03-30T17:49:34.511Z] <<< HTTP RESPONSE 400
[debug] [2020-03-30T17:49:34.512Z] >>> HTTP REQUEST GET https://firebase.googleapis.com/v1beta1/projects/professional-website-ff1da  
 
[debug] [2020-03-30T17:49:34.709Z] <<< HTTP RESPONSE 401
[debug] [2020-03-30T17:49:34.709Z] <<< HTTP RESPONSE BODY
[debug] [2020-03-30T17:49:34.710Z] HTTP Error: 401, Request had invalid authentication credentials. Expected OAuth 2 access token, login cookie or other valid authentication credential. See https://developers.google.com/identity/sign-in/web/devconsole-project.
[debug] [2020-03-30T17:49:34.817Z] FirebaseError: HTTP Error: 401, Request had invalid authentication credentials. Expected OAuth 2 access token, login cookie or other valid authentication credential. See https://developers.google.com/identity/sign-in/web/devconsole-project.
    at module.exports (/Users/s4mu3l/.npm-packages/lib/node_modules/firebase-tools/lib/responseToError.js:38:12)
    at Request._callback (/Users/s4mu3l/.npm-packages/lib/node_modules/firebase-tools/lib/api.js:40:35)
    at Request.self.callback (/Users/s4mu3l/.npm-packages/lib/node_modules/firebase-tools/node_modules/request/request.js:185:22)
    at Request.emit (events.js:203:13)
    at Request.EventEmitter.emit (domain.js:471:20)
    at Request.<anonymous> (/Users/s4mu3l/.npm-packages/lib/node_modules/firebase-tools/node_modules/request/request.js:1154:10)
    at Request.emit (events.js:203:13)
    at Request.EventEmitter.emit (domain.js:471:20)
    at IncomingMessage.<anonymous> (/Users/s4mu3l/.npm-packages/lib/node_modules/firebase-tools/node_modules/request/request.js:1076:12)
    at Object.onceWrapper (events.js:291:20)
    at IncomingMessage.emit (events.js:208:15)
    at IncomingMessage.EventEmitter.emit (domain.js:471:20)
    at endReadableNT (_stream_readable.js:1154:12)
    at processTicksAndRejections (internal/process/task_queues.js:77:11)
[error] 
[error] Error: Failed to get Firebase project professional-website-ff1da. Please make sure the project exists and your account has permission to access it.
[debug] [2020-03-30T17:53:10.352Z] ----------------------------------------------------------------------
[debug] [2020-03-30T17:53:10.355Z] Command:       /usr/local/Cellar/node/12.6.0/bin/node /Users/s4mu3l/.npm-packages/bin/firebase deploy
[debug] [2020-03-30T17:53:10.355Z] CLI Version:   7.16.1
[debug] [2020-03-30T17:53:10.355Z] Platform:      darwin
[debug] [2020-03-30T17:53:10.355Z] Node Version:  v12.6.0
[debug] [2020-03-30T17:53:10.356Z] Time:          Mon Mar 30 2020 12:53:10 GMT-0500 (Central Daylight Time)
[debug] [2020-03-30T17:53:10.356Z] ----------------------------------------------------------------------
[debug] [2020-03-30T17:53:10.356Z] 
[debug] [2020-03-30T17:53:10.368Z] > command requires scopes: ["email","openid","https://www.googleapis.com/auth/cloudplatformprojects.readonly","https://www.googleapis.com/auth/firebase","https://www.googleapis.com/auth/cloud-platform"]
[debug] [2020-03-30T17:53:10.369Z] > authorizing via signed-in user
[debug] [2020-03-30T17:53:10.369Z] [iam] checking project professional-website-ff1da for permissions ["firebase.projects.get","firebasehosting.sites.update"]
[debug] [2020-03-30T17:53:10.372Z] > refreshing access token with scopes: ["email","https://www.googleapis.com/auth/cloud-platform","https://www.googleapis.com/auth/cloudplatformprojects.readonly","https://www.googleapis.com/auth/firebase","openid"]
[debug] [2020-03-30T17:53:10.372Z] >>> HTTP REQUEST POST https://www.googleapis.com/oauth2/v3/token  
 <request body omitted>
[debug] [2020-03-30T17:53:10.507Z] <<< HTTP RESPONSE 400
[debug] [2020-03-30T17:53:10.509Z] >>> HTTP REQUEST POST https://cloudresourcemanager.googleapis.com/v1/projects/professional-website-ff1da:testIamPermissions  

[debug] [2020-03-30T17:53:10.672Z] <<< HTTP RESPONSE 401
[debug] [2020-03-30T17:53:10.672Z] <<< HTTP RESPONSE BODY
[debug] [2020-03-30T17:53:10.674Z] [iam] error while checking permissions, command may fail: FirebaseError: HTTP Error: 401, Request had invalid authentication credentials. Expected OAuth 2 access token, login cookie or other valid authentication credential. See https://developers.google.com/identity/sign-in/web/devconsole-project.
[debug] [2020-03-30T17:53:10.675Z] > refreshing access token with scopes: ["email","https://www.googleapis.com/auth/cloud-platform","https://www.googleapis.com/auth/cloudplatformprojects.readonly","https://www.googleapis.com/auth/firebase","openid"]
[debug] [2020-03-30T17:53:10.675Z] >>> HTTP REQUEST POST https://www.googleapis.com/oauth2/v3/token  
 <request body omitted>
[debug] [2020-03-30T17:53:10.784Z] <<< HTTP RESPONSE 400
[debug] [2020-03-30T17:53:10.784Z] >>> HTTP REQUEST GET https://firebase.googleapis.com/v1beta1/projects/professional-website-ff1da  
 
[debug] [2020-03-30T17:53:10.912Z] <<< HTTP RESPONSE 401
[debug] [2020-03-30T17:53:10.912Z] <<< HTTP RESPONSE BODY
[debug] [2020-03-30T17:53:10.913Z] HTTP Error: 401, Request had invalid authentication credentials. Expected OAuth 2 access token, login cookie or other valid authentication credential. See https://developers.google.com/identity/sign-in/web/devconsole-project.
[debug] [2020-03-30T17:53:11.025Z] FirebaseError: HTTP Error: 401, Request had invalid authentication credentials. Expected OAuth 2 access token, login cookie or other valid authentication credential. See https://developers.google.com/identity/sign-in/web/devconsole-project.
    at module.exports (/Users/s4mu3l/.npm-packages/lib/node_modules/firebase-tools/lib/responseToError.js:38:12)
    at Request._callback (/Users/s4mu3l/.npm-packages/lib/node_modules/firebase-tools/lib/api.js:40:35)
    at Request.self.callback (/Users/s4mu3l/.npm-packages/lib/node_modules/firebase-tools/node_modules/request/request.js:185:22)
    at Request.emit (events.js:203:13)
    at Request.EventEmitter.emit (domain.js:471:20)
    at Request.<anonymous> (/Users/s4mu3l/.npm-packages/lib/node_modules/firebase-tools/node_modules/request/request.js:1154:10)
    at Request.emit (events.js:203:13)
    at Request.EventEmitter.emit (domain.js:471:20)
    at IncomingMessage.<anonymous> (/Users/s4mu3l/.npm-packages/lib/node_modules/firebase-tools/node_modules/request/request.js:1076:12)
    at Object.onceWrapper (events.js:291:20)
    at IncomingMessage.emit (events.js:208:15)
    at IncomingMessage.EventEmitter.emit (domain.js:471:20)
    at endReadableNT (_stream_readable.js:1154:12)
    at processTicksAndRejections (internal/process/task_queues.js:77:11)
[error] 
[error] Error: Failed to get Firebase project professional-website-ff1da. Please make sure the project exists and your account has permission to access it.
[debug] [2020-03-30T17:54:52.498Z] ----------------------------------------------------------------------
[debug] [2020-03-30T17:54:52.500Z] Command:       /usr/local/Cellar/node/12.6.0/bin/node /Users/s4mu3l/.npm-packages/bin/firebase deploy
[debug] [2020-03-30T17:54:52.500Z] CLI Version:   7.16.1
[debug] [2020-03-30T17:54:52.500Z] Platform:      darwin
[debug] [2020-03-30T17:54:52.500Z] Node Version:  v12.6.0
[debug] [2020-03-30T17:54:52.501Z] Time:          Mon Mar 30 2020 12:54:52 GMT-0500 (Central Daylight Time)
[debug] [2020-03-30T17:54:52.501Z] ----------------------------------------------------------------------
[debug] [2020-03-30T17:54:52.501Z] 
[debug] [2020-03-30T17:54:52.514Z] > command requires scopes: ["email","openid","https://www.googleapis.com/auth/cloudplatformprojects.readonly","https://www.googleapis.com/auth/firebase","https://www.googleapis.com/auth/cloud-platform"]
[debug] [2020-03-30T17:54:52.515Z] > authorizing via signed-in user
[debug] [2020-03-30T17:54:52.515Z] [iam] checking project professional-website-ff1da for permissions ["firebase.projects.get","firebasehosting.sites.update"]
[debug] [2020-03-30T17:54:52.518Z] > refreshing access token with scopes: ["email","https://www.googleapis.com/auth/cloud-platform","https://www.googleapis.com/auth/cloudplatformprojects.readonly","https://www.googleapis.com/auth/firebase","openid"]
[debug] [2020-03-30T17:54:52.519Z] >>> HTTP REQUEST POST https://www.googleapis.com/oauth2/v3/token  
 <request body omitted>
[debug] [2020-03-30T17:54:52.741Z] <<< HTTP RESPONSE 400
[debug] [2020-03-30T17:54:52.742Z] >>> HTTP REQUEST POST https://cloudresourcemanager.googleapis.com/v1/projects/professional-website-ff1da:testIamPermissions  

[debug] [2020-03-30T17:54:52.882Z] <<< HTTP RESPONSE 401
[debug] [2020-03-30T17:54:52.882Z] <<< HTTP RESPONSE BODY
[debug] [2020-03-30T17:54:52.885Z] [iam] error while checking permissions, command may fail: FirebaseError: HTTP Error: 401, Request had invalid authentication credentials. Expected OAuth 2 access token, login cookie or other valid authentication credential. See https://developers.google.com/identity/sign-in/web/devconsole-project.
[debug] [2020-03-30T17:54:52.886Z] > refreshing access token with scopes: ["email","https://www.googleapis.com/auth/cloud-platform","https://www.googleapis.com/auth/cloudplatformprojects.readonly","https://www.googleapis.com/auth/firebase","openid"]
[debug] [2020-03-30T17:54:52.886Z] >>> HTTP REQUEST POST https://www.googleapis.com/oauth2/v3/token  
 <request body omitted>
[debug] [2020-03-30T17:54:53.002Z] <<< HTTP RESPONSE 400
[debug] [2020-03-30T17:54:53.003Z] >>> HTTP REQUEST GET https://firebase.googleapis.com/v1beta1/projects/professional-website-ff1da  
 
[debug] [2020-03-30T17:54:53.172Z] <<< HTTP RESPONSE 401
[debug] [2020-03-30T17:54:53.172Z] <<< HTTP RESPONSE BODY
[debug] [2020-03-30T17:54:53.173Z] HTTP Error: 401, Request had invalid authentication credentials. Expected OAuth 2 access token, login cookie or other valid authentication credential. See https://developers.google.com/identity/sign-in/web/devconsole-project.
[debug] [2020-03-30T17:54:53.287Z] FirebaseError: HTTP Error: 401, Request had invalid authentication credentials. Expected OAuth 2 access token, login cookie or other valid authentication credential. See https://developers.google.com/identity/sign-in/web/devconsole-project.
    at module.exports (/Users/s4mu3l/.npm-packages/lib/node_modules/firebase-tools/lib/responseToError.js:38:12)
    at Request._callback (/Users/s4mu3l/.npm-packages/lib/node_modules/firebase-tools/lib/api.js:40:35)
    at Request.self.callback (/Users/s4mu3l/.npm-packages/lib/node_modules/firebase-tools/node_modules/request/request.js:185:22)
    at Request.emit (events.js:203:13)
    at Request.EventEmitter.emit (domain.js:471:20)
    at Request.<anonymous> (/Users/s4mu3l/.npm-packages/lib/node_modules/firebase-tools/node_modules/request/request.js:1154:10)
    at Request.emit (events.js:203:13)
    at Request.EventEmitter.emit (domain.js:471:20)
    at IncomingMessage.<anonymous> (/Users/s4mu3l/.npm-packages/lib/node_modules/firebase-tools/node_modules/request/request.js:1076:12)
    at Object.onceWrapper (events.js:291:20)
    at IncomingMessage.emit (events.js:208:15)
    at IncomingMessage.EventEmitter.emit (domain.js:471:20)
    at endReadableNT (_stream_readable.js:1154:12)
    at processTicksAndRejections (internal/process/task_queues.js:77:11)
[error] 
[error] Error: Failed to get Firebase project professional-website-ff1da. Please make sure the project exists and your account has permission to access it.
[debug] [2020-03-30T17:55:51.893Z] ----------------------------------------------------------------------
[debug] [2020-03-30T17:55:51.895Z] Command:       /usr/local/Cellar/node/12.6.0/bin/node /Users/s4mu3l/.npm-packages/bin/firebase use --add
[debug] [2020-03-30T17:55:51.896Z] CLI Version:   7.16.1
[debug] [2020-03-30T17:55:51.896Z] Platform:      darwin
[debug] [2020-03-30T17:55:51.896Z] Node Version:  v12.6.0
[debug] [2020-03-30T17:55:51.897Z] Time:          Mon Mar 30 2020 12:55:51 GMT-0500 (Central Daylight Time)
[debug] [2020-03-30T17:55:51.897Z] ----------------------------------------------------------------------
[debug] [2020-03-30T17:55:51.897Z] 
[debug] [2020-03-30T17:55:51.908Z] > command requires scopes: ["email","openid","https://www.googleapis.com/auth/cloudplatformprojects.readonly","https://www.googleapis.com/auth/firebase","https://www.googleapis.com/auth/cloud-platform"]
[debug] [2020-03-30T17:55:51.908Z] > authorizing via signed-in user
[debug] [2020-03-30T17:55:51.914Z] > refreshing access token with scopes: ["email","https://www.googleapis.com/auth/cloud-platform","https://www.googleapis.com/auth/cloudplatformprojects.readonly","https://www.googleapis.com/auth/firebase","openid"]
[debug] [2020-03-30T17:55:51.914Z] >>> HTTP REQUEST POST https://www.googleapis.com/oauth2/v3/token  
 <request body omitted>
[debug] [2020-03-30T17:55:52.096Z] <<< HTTP RESPONSE 400
[debug] [2020-03-30T17:55:52.098Z] >>> HTTP REQUEST GET https://firebase.googleapis.com/v1beta1/projects?pageSize=1000  
 
[debug] [2020-03-30T17:55:52.243Z] <<< HTTP RESPONSE 401
[debug] [2020-03-30T17:55:52.243Z] <<< HTTP RESPONSE BODY
[debug] [2020-03-30T17:55:52.244Z] HTTP Error: 401, Request had invalid authentication credentials. Expected OAuth 2 access token, login cookie or other valid authentication credential. See https://developers.google.com/identity/sign-in/web/devconsole-project.
[debug] [2020-03-30T17:55:52.350Z] FirebaseError: HTTP Error: 401, Request had invalid authentication credentials. Expected OAuth 2 access token, login cookie or other valid authentication credential. See https://developers.google.com/identity/sign-in/web/devconsole-project.
    at module.exports (/Users/s4mu3l/.npm-packages/lib/node_modules/firebase-tools/lib/responseToError.js:38:12)
    at Request._callback (/Users/s4mu3l/.npm-packages/lib/node_modules/firebase-tools/lib/api.js:40:35)
    at Request.self.callback (/Users/s4mu3l/.npm-packages/lib/node_modules/firebase-tools/node_modules/request/request.js:185:22)
    at Request.emit (events.js:203:13)
    at Request.EventEmitter.emit (domain.js:471:20)
    at Request.<anonymous> (/Users/s4mu3l/.npm-packages/lib/node_modules/firebase-tools/node_modules/request/request.js:1154:10)
    at Request.emit (events.js:203:13)
    at Request.EventEmitter.emit (domain.js:471:20)
    at IncomingMessage.<anonymous> (/Users/s4mu3l/.npm-packages/lib/node_modules/firebase-tools/node_modules/request/request.js:1076:12)
    at Object.onceWrapper (events.js:291:20)
    at IncomingMessage.emit (events.js:208:15)
    at IncomingMessage.EventEmitter.emit (domain.js:471:20)
    at endReadableNT (_stream_readable.js:1154:12)
    at processTicksAndRejections (internal/process/task_queues.js:77:11)
[error] 
[error] Error: Failed to list Firebase projects. See firebase-debug.log for more info.
